{"id":"5","email":"hola@test.com","name":"Hola"}{"id":"5","email":"hola@test.com","name":"Hola"}{"id":"5","email":"hola@test.com","name":"Hola"}{"id":"5","email":"hola@test.com","name":"Hola"}{"id":"5","email":"hola@test.com","name":"Hola"}

{"id":"5","email":"hola@test.com","name":"Hola","tiempo":"2022-11-27 22:20:26"}

{"id":"5","email":"hola@test.com","name":"Hola","tiempo":"2022-11-27 22:20:42"}

{"id":"5","email":"hola@test.com","name":"Hola","tiempo":"2022-11-27 22:22:05"}

{"id":"5","email":"hola@test.com","name":"Hola","tiempo":"2022-11-27 22:27:38"}

{"id":"5","email":"hola@test.com","name":"Hola","tiempo":"2022-11-27 22:28:36"}

{"id":"5","email":"hola@test.com","name":"Hola","tiempo":"2022-11-27 22:29:45"}

{"id":"5","email":"hola@test.com","name":"Hola","tiempo":"2022-11-27 22:30:46"}

{"id":"5","email":"hola@test.com","name":"Hola","tiempo":"2022-11-27 22:30:49"}

{"id":"5","email":"hola@test.com","name":"Hola","tiempo":"2022-11-27 22:36:00"}

{"id":"5","email":"hola@test.com","name":"Hola","tiempo":"2022-11-27 22:40:33"}

{"id":"5","email":"hola@test.com","name":"Hola","tiempo":"2022-11-27 22:40:34"}

{"id":"5","email":"hola@test.com","name":"Hola","tiempo":"2022-11-27 22:40:35"}

{"id":"5","email":"hola@test.com","name":"Hola","tiempo":"2022-11-27 22:40:35"}

{"id":"5","email":"hola@test.com","name":"Hola","tiempo":"2022-11-27 22:41:31"}

{"id":"5","email":"hola@test.com","name":"Hola","tiempo":"2022-11-27 22:41:31"}

{"id":"5","email":"hola@test.com","name":"Hola","tiempo":"2022-11-27 22:41:32"}

{"id":"5","email":"hola@test.com","name":"Hola","tiempo":"2022-11-27 22:43:52"}

{"id":"5","email":"hola@test.com","name":"Hola","tiempo":"2022-11-27 22:44:15"}

{"id":"5","email":"hola@test.com","name":"Hola","tiempo":"2022-11-27 22:44:16"}

{"id":"5","email":"hola@test.com","name":"Hola","tiempo":"2022-11-27 23:05:28"}

{"id":"5","email":"hola@test.com","name":"Hola","tiempo":"2022-11-27 23:08:31"}

{"id":"5","email":"hola@test.com","name":"Hola","tiempo":"2022-11-27 23:09:01"}

{"id":"5","email":"hola@test.com","name":"Hola","tiempo":"2022-11-27 23:09:40"}

{"id":"5","email":"hola@test.com","name":"Hola","tiempo":"2022-11-27 23:59:05"}

{"id":null,"email":null,"name":null,"tiempo":"2023-01-09 07:04:47"}

{"id":null,"email":null,"name":null,"tiempo":"2023-01-09 07:05:22"}

{"id":null,"email":null,"name":null,"tiempo":"2023-01-09 07:06:41"}

{"id":null,"email":null,"name":null,"tiempo":"2023-01-09 07:10:10"}

{"id":1,"email":"test@mail.net                           ","name":null,"tiempo":"2023-01-09 07:12:04","nombre":"Fabricio"}

{"id":1,"email":"test@mail.net                           ","name":null,"tiempo":"2023-01-10 02:43:24","nombre":"Fabricio"}

{"id":1,"email":"test@mail.net                           ","nombre":"Fabricio","tiempo":"2023-01-11 14:29:53"}

{"id":1,"email":"test@mail.net                           ","nombre":"Fabricio","tiempo":"2023-01-11 14:35:31"}